  [1m[35m (0.1ms)[0m  [1m[34mSELECT sqlite_version(*)[0m
  ↳ /home/emilio/.rbenv/versions/2.6.5/bin/rake:23
  [1m[35m (21.2ms)[0m  [1m[35mCREATE TABLE "schema_migrations" ("version" varchar NOT NULL PRIMARY KEY)[0m
  ↳ /home/emilio/.rbenv/versions/2.6.5/bin/rake:23
  [1m[35m (8.8ms)[0m  [1m[35mCREATE TABLE "ar_internal_metadata" ("key" varchar NOT NULL PRIMARY KEY, "value" varchar, "created_at" datetime NOT NULL, "updated_at" datetime NOT NULL)[0m
  ↳ /home/emilio/.rbenv/versions/2.6.5/bin/rake:23
  [1m[35m (0.2ms)[0m  [1m[34mSELECT "schema_migrations"."version" FROM "schema_migrations" ORDER BY "schema_migrations"."version" ASC[0m
  ↳ /home/emilio/.rbenv/versions/2.6.5/bin/rake:23
Migrating to CreateUsers (20200722232126)
  [1m[35m (0.1ms)[0m  [1m[36mbegin transaction[0m
  ↳ /home/emilio/.rbenv/versions/2.6.5/bin/rake:23
  [1m[35m (0.4ms)[0m  [1m[35mCREATE TABLE "users" ("id" integer PRIMARY KEY AUTOINCREMENT NOT NULL, "username" varchar, "email" varchar, "password" varchar, "created_at" datetime NOT NULL, "updated_at" datetime NOT NULL)[0m
  ↳ db/migrate/20200722232126_create_users.rb:3
  [1m[36mActiveRecord::SchemaMigration Create (0.2ms)[0m  [1m[32mINSERT INTO "schema_migrations" ("version") VALUES (?)[0m  [["version", "20200722232126"]]
  ↳ /home/emilio/.rbenv/versions/2.6.5/bin/rake:23
  [1m[35m (10.8ms)[0m  [1m[36mcommit transaction[0m
  ↳ /home/emilio/.rbenv/versions/2.6.5/bin/rake:23
  [1m[36mActiveRecord::InternalMetadata Load (0.3ms)[0m  [1m[34mSELECT  "ar_internal_metadata".* FROM "ar_internal_metadata" WHERE "ar_internal_metadata"."key" = ? LIMIT ?[0m  [["key", "environment"], ["LIMIT", 1]]
  ↳ /home/emilio/.rbenv/versions/2.6.5/bin/rake:23
  [1m[35m (0.1ms)[0m  [1m[36mbegin transaction[0m
  ↳ /home/emilio/.rbenv/versions/2.6.5/bin/rake:23
  [1m[36mActiveRecord::InternalMetadata Create (0.3ms)[0m  [1m[32mINSERT INTO "ar_internal_metadata" ("key", "value", "created_at", "updated_at") VALUES (?, ?, ?, ?)[0m  [["key", "environment"], ["value", "development"], ["created_at", "2020-07-22 23:23:40.714648"], ["updated_at", "2020-07-22 23:23:40.714648"]]
  ↳ /home/emilio/.rbenv/versions/2.6.5/bin/rake:23
  [1m[35m (6.4ms)[0m  [1m[36mcommit transaction[0m
  ↳ /home/emilio/.rbenv/versions/2.6.5/bin/rake:23
  [1m[35m (0.2ms)[0m  [1m[34mSELECT "schema_migrations"."version" FROM "schema_migrations" ORDER BY "schema_migrations"."version" ASC[0m
  ↳ /home/emilio/.rbenv/versions/2.6.5/bin/rake:23
  [1m[36mUser Load (0.7ms)[0m  [1m[34mSELECT  "users".* FROM "users" LIMIT ?[0m  [["LIMIT", 11]]
  [1m[36mUser Load (0.3ms)[0m  [1m[34mSELECT  "users".* FROM "users" LIMIT ?[0m  [["LIMIT", 11]]
  [1m[36mUser Exists (0.3ms)[0m  [1m[34mSELECT  1 AS one FROM "users" WHERE "users"."username" = ? LIMIT ?[0m  [["username", "Emilio"], ["LIMIT", 1]]
  [1m[36mUser Exists (0.3ms)[0m  [1m[34mSELECT  1 AS one FROM "users" WHERE "users"."email" = ? LIMIT ?[0m  [["email", "emilio.contreras97@gmail.com"], ["LIMIT", 1]]
  [1m[36mUser Exists (0.2ms)[0m  [1m[34mSELECT  1 AS one FROM "users" WHERE "users"."username" = ? LIMIT ?[0m  [["username", "Emilio"], ["LIMIT", 1]]
  [1m[36mUser Exists (0.1ms)[0m  [1m[34mSELECT  1 AS one FROM "users" WHERE "users"."email" = ? LIMIT ?[0m  [["email", "emilio.contreras97@gmail.com"], ["LIMIT", 1]]
  [1m[36mUser Exists (0.2ms)[0m  [1m[34mSELECT  1 AS one FROM "users" WHERE "users"."username" = ? LIMIT ?[0m  [["username", "Karina"], ["LIMIT", 1]]
  [1m[36mUser Exists (0.2ms)[0m  [1m[34mSELECT  1 AS one FROM "users" WHERE "users"."email" = ? LIMIT ?[0m  [["email", "asretrtyr"], ["LIMIT", 1]]
  [1m[35m (0.1ms)[0m  [1m[36mbegin transaction[0m
  [1m[36mUser Exists (0.2ms)[0m  [1m[34mSELECT  1 AS one FROM "users" WHERE "users"."username" = ? LIMIT ?[0m  [["username", "Emilio"], ["LIMIT", 1]]
  [1m[36mUser Exists (0.1ms)[0m  [1m[34mSELECT  1 AS one FROM "users" WHERE "users"."email" = ? LIMIT ?[0m  [["email", "emilio.contreras97@gmail.com"], ["LIMIT", 1]]
  [1m[36mUser Create (1.4ms)[0m  [1m[32mINSERT INTO "users" ("username", "email", "password", "created_at", "updated_at") VALUES (?, ?, ?, ?, ?)[0m  [["username", "Emilio"], ["email", "emilio.contreras97@gmail.com"], ["password", "sken2963"], ["created_at", "2020-07-22 23:46:46.864240"], ["updated_at", "2020-07-22 23:46:46.864240"]]
  [1m[35m (16.4ms)[0m  [1m[36mcommit transaction[0m
  [1m[36mUser Load (0.7ms)[0m  [1m[34mSELECT  "users".* FROM "users" LIMIT ?[0m  [["LIMIT", 11]]
  [1m[35m (0.2ms)[0m  [1m[34mSELECT "schema_migrations"."version" FROM "schema_migrations" ORDER BY "schema_migrations"."version" ASC[0m
  ↳ /home/emilio/.rbenv/versions/2.6.5/bin/rake:23
Migrating to CreatePosts (20200723000112)
  [1m[35m (0.1ms)[0m  [1m[36mbegin transaction[0m
  ↳ /home/emilio/.rbenv/versions/2.6.5/bin/rake:23
  [1m[35m (0.1ms)[0m  [1m[34mSELECT sqlite_version(*)[0m
  ↳ db/migrate/20200723000112_create_posts.rb:3
  [1m[35m (0.8ms)[0m  [1m[35mCREATE TABLE "posts" ("id" integer PRIMARY KEY AUTOINCREMENT NOT NULL, "title" varchar, "body" text, "user_id" integer, "created_at" datetime NOT NULL, "updated_at" datetime NOT NULL)[0m
  ↳ db/migrate/20200723000112_create_posts.rb:3
  [1m[36mActiveRecord::SchemaMigration Create (0.2ms)[0m  [1m[32mINSERT INTO "schema_migrations" ("version") VALUES (?)[0m  [["version", "20200723000112"]]
  ↳ /home/emilio/.rbenv/versions/2.6.5/bin/rake:23
  [1m[35m (51.4ms)[0m  [1m[36mcommit transaction[0m
  ↳ /home/emilio/.rbenv/versions/2.6.5/bin/rake:23
  [1m[36mActiveRecord::InternalMetadata Load (0.3ms)[0m  [1m[34mSELECT  "ar_internal_metadata".* FROM "ar_internal_metadata" WHERE "ar_internal_metadata"."key" = ? LIMIT ?[0m  [["key", "environment"], ["LIMIT", 1]]
  ↳ /home/emilio/.rbenv/versions/2.6.5/bin/rake:23
  [1m[35m (0.1ms)[0m  [1m[36mbegin transaction[0m
  ↳ /home/emilio/.rbenv/versions/2.6.5/bin/rake:23
  [1m[35m (0.1ms)[0m  [1m[36mcommit transaction[0m
  ↳ /home/emilio/.rbenv/versions/2.6.5/bin/rake:23
  [1m[35m (0.2ms)[0m  [1m[34mSELECT "schema_migrations"."version" FROM "schema_migrations" ORDER BY "schema_migrations"."version" ASC[0m
  ↳ /home/emilio/.rbenv/versions/2.6.5/bin/rake:23
  [1m[36mUser Load (0.2ms)[0m  [1m[34mSELECT  "users".* FROM "users" ORDER BY "users"."id" ASC LIMIT ?[0m  [["LIMIT", 1]]
  [1m[36mUser Load (0.2ms)[0m  [1m[34mSELECT  "users".* FROM "users" ORDER BY "users"."id" ASC LIMIT ?[0m  [["LIMIT", 1]]
  [1m[36mUser Load (0.2ms)[0m  [1m[34mSELECT  "users".* FROM "users" ORDER BY "users"."id" ASC LIMIT ?[0m  [["LIMIT", 1]]
  [1m[36mUser Load (0.3ms)[0m  [1m[34mSELECT  "users".* FROM "users" LIMIT ?[0m  [["LIMIT", 11]]
  [1m[36mUser Load (0.1ms)[0m  [1m[34mSELECT  "users".* FROM "users" ORDER BY "users"."id" ASC LIMIT ?[0m  [["LIMIT", 1]]
  [1m[36mUser Load (0.2ms)[0m  [1m[34mSELECT  "users".* FROM "users" ORDER BY "users"."id" ASC LIMIT ?[0m  [["LIMIT", 1]]
  [1m[36mUser Load (0.2ms)[0m  [1m[34mSELECT  "users".* FROM "users" ORDER BY "users"."id" ASC LIMIT ?[0m  [["LIMIT", 1]]
  [1m[35m (3.7ms)[0m  [1m[34mSELECT "schema_migrations"."version" FROM "schema_migrations" ORDER BY "schema_migrations"."version" ASC[0m
  ↳ /home/emilio/.rbenv/versions/2.6.5/bin/rake:23
  [1m[35m (0.1ms)[0m  [1m[34mSELECT "schema_migrations"."version" FROM "schema_migrations" ORDER BY "schema_migrations"."version" ASC[0m
  ↳ /home/emilio/.rbenv/versions/2.6.5/bin/rake:23
  [1m[35m (0.1ms)[0m  [1m[34mSELECT "schema_migrations"."version" FROM "schema_migrations" ORDER BY "schema_migrations"."version" ASC[0m
  ↳ /home/emilio/.rbenv/versions/2.6.5/bin/rake:23
  [1m[35m (0.1ms)[0m  [1m[34mSELECT "schema_migrations"."version" FROM "schema_migrations" ORDER BY "schema_migrations"."version" ASC[0m
  ↳ /home/emilio/.rbenv/versions/2.6.5/bin/rake:23
Migrating to CreatePosts (20200723000112)
  [1m[35m (0.1ms)[0m  [1m[36mbegin transaction[0m
  ↳ /home/emilio/.rbenv/versions/2.6.5/bin/rake:23
  [1m[35m (13.3ms)[0m  [1m[35mDROP TABLE "posts"[0m
  ↳ /home/emilio/.rbenv/versions/2.6.5/bin/rake:23
  [1m[36mActiveRecord::SchemaMigration Destroy (1.8ms)[0m  [1m[31mDELETE FROM "schema_migrations" WHERE "schema_migrations"."version" = ?[0m  [["version", "20200723000112"]]
  ↳ /home/emilio/.rbenv/versions/2.6.5/bin/rake:23
  [1m[35m (18.0ms)[0m  [1m[36mcommit transaction[0m
  ↳ /home/emilio/.rbenv/versions/2.6.5/bin/rake:23
  [1m[35m (0.3ms)[0m  [1m[34mSELECT "schema_migrations"."version" FROM "schema_migrations" ORDER BY "schema_migrations"."version" ASC[0m
  ↳ /home/emilio/.rbenv/versions/2.6.5/bin/rake:23
  [1m[35m (0.2ms)[0m  [1m[34mSELECT "schema_migrations"."version" FROM "schema_migrations" ORDER BY "schema_migrations"."version" ASC[0m
  ↳ /home/emilio/.rbenv/versions/2.6.5/bin/rake:23
Migrating to CreatePosts (20200723000112)
  [1m[35m (0.1ms)[0m  [1m[36mbegin transaction[0m
  ↳ /home/emilio/.rbenv/versions/2.6.5/bin/rake:23
  [1m[35m (0.1ms)[0m  [1m[34mSELECT sqlite_version(*)[0m
  ↳ db/migrate/20200723000112_create_posts.rb:3
  [1m[35m (1.3ms)[0m  [1m[35mCREATE TABLE "posts" ("id" integer PRIMARY KEY AUTOINCREMENT NOT NULL, "title" varchar, "body" text, "user_id" integer, "created_at" datetime NOT NULL, "updated_at" datetime NOT NULL)[0m
  ↳ db/migrate/20200723000112_create_posts.rb:3
  [1m[36mActiveRecord::SchemaMigration Create (0.3ms)[0m  [1m[32mINSERT INTO "schema_migrations" ("version") VALUES (?)[0m  [["version", "20200723000112"]]
  ↳ /home/emilio/.rbenv/versions/2.6.5/bin/rake:23
  [1m[35m (18.5ms)[0m  [1m[36mcommit transaction[0m
  ↳ /home/emilio/.rbenv/versions/2.6.5/bin/rake:23
Migrating to AddPostToUser (20200723011500)
  [1m[35m (0.1ms)[0m  [1m[36mbegin transaction[0m
  ↳ /home/emilio/.rbenv/versions/2.6.5/bin/rake:23
  [1m[35m (0.4ms)[0m  [1m[35mALTER TABLE "users" ADD "user_id" integer[0m
  ↳ db/migrate/20200723011500_add_post_to_user.rb:3
  [1m[35m (0.4ms)[0m  [1m[35mCREATE  INDEX "index_users_on_user_id" ON "users" ("user_id")[0m
  ↳ db/migrate/20200723011500_add_post_to_user.rb:3
  [1m[36mActiveRecord::SchemaMigration Create (0.5ms)[0m  [1m[32mINSERT INTO "schema_migrations" ("version") VALUES (?)[0m  [["version", "20200723011500"]]
  ↳ /home/emilio/.rbenv/versions/2.6.5/bin/rake:23
  [1m[35m (7.2ms)[0m  [1m[36mcommit transaction[0m
  ↳ /home/emilio/.rbenv/versions/2.6.5/bin/rake:23
  [1m[36mActiveRecord::InternalMetadata Load (3.6ms)[0m  [1m[34mSELECT  "ar_internal_metadata".* FROM "ar_internal_metadata" WHERE "ar_internal_metadata"."key" = ? LIMIT ?[0m  [["key", "environment"], ["LIMIT", 1]]
  ↳ /home/emilio/.rbenv/versions/2.6.5/bin/rake:23
  [1m[35m (0.1ms)[0m  [1m[36mbegin transaction[0m
  ↳ /home/emilio/.rbenv/versions/2.6.5/bin/rake:23
  [1m[35m (0.1ms)[0m  [1m[36mcommit transaction[0m
  ↳ /home/emilio/.rbenv/versions/2.6.5/bin/rake:23
  [1m[35m (0.1ms)[0m  [1m[34mSELECT "schema_migrations"."version" FROM "schema_migrations" ORDER BY "schema_migrations"."version" ASC[0m
  ↳ /home/emilio/.rbenv/versions/2.6.5/bin/rake:23
  [1m[35m (0.3ms)[0m  [1m[34mSELECT "schema_migrations"."version" FROM "schema_migrations" ORDER BY "schema_migrations"."version" ASC[0m
  ↳ /home/emilio/.rbenv/versions/2.6.5/bin/rake:23
  [1m[36mActiveRecord::InternalMetadata Load (0.3ms)[0m  [1m[34mSELECT  "ar_internal_metadata".* FROM "ar_internal_metadata" WHERE "ar_internal_metadata"."key" = ? LIMIT ?[0m  [["key", "environment"], ["LIMIT", 1]]
  ↳ /home/emilio/.rbenv/versions/2.6.5/bin/rake:23
  [1m[35m (0.1ms)[0m  [1m[36mbegin transaction[0m
  ↳ /home/emilio/.rbenv/versions/2.6.5/bin/rake:23
  [1m[35m (0.1ms)[0m  [1m[36mcommit transaction[0m
  ↳ /home/emilio/.rbenv/versions/2.6.5/bin/rake:23
  [1m[35m (0.1ms)[0m  [1m[34mSELECT "schema_migrations"."version" FROM "schema_migrations" ORDER BY "schema_migrations"."version" ASC[0m
  ↳ /home/emilio/.rbenv/versions/2.6.5/bin/rake:23
  [1m[35m (0.2ms)[0m  [1m[34mSELECT "schema_migrations"."version" FROM "schema_migrations" ORDER BY "schema_migrations"."version" ASC[0m
  ↳ /home/emilio/.rbenv/versions/2.6.5/bin/rake:23
Migrating to AddPostToUser (20200723011906)
  [1m[35m (0.1ms)[0m  [1m[36mbegin transaction[0m
  ↳ /home/emilio/.rbenv/versions/2.6.5/bin/rake:23
  [1m[35m (0.6ms)[0m  [1m[35mALTER TABLE "users" ADD "post_id" integer[0m
  ↳ db/migrate/20200723011906_add_post_to_user.rb:3
  [1m[35m (0.1ms)[0m  [1m[34mSELECT sqlite_version(*)[0m
  ↳ db/migrate/20200723011906_add_post_to_user.rb:3
  [1m[35m (0.2ms)[0m  [1m[35mCREATE  INDEX "index_users_on_post_id" ON "users" ("post_id")[0m
  ↳ db/migrate/20200723011906_add_post_to_user.rb:3
  [1m[36mActiveRecord::SchemaMigration Create (0.3ms)[0m  [1m[32mINSERT INTO "schema_migrations" ("version") VALUES (?)[0m  [["version", "20200723011906"]]
  ↳ /home/emilio/.rbenv/versions/2.6.5/bin/rake:23
  [1m[35m (12.6ms)[0m  [1m[36mcommit transaction[0m
  ↳ /home/emilio/.rbenv/versions/2.6.5/bin/rake:23
  [1m[36mActiveRecord::InternalMetadata Load (0.3ms)[0m  [1m[34mSELECT  "ar_internal_metadata".* FROM "ar_internal_metadata" WHERE "ar_internal_metadata"."key" = ? LIMIT ?[0m  [["key", "environment"], ["LIMIT", 1]]
  ↳ /home/emilio/.rbenv/versions/2.6.5/bin/rake:23
  [1m[35m (0.1ms)[0m  [1m[36mbegin transaction[0m
  ↳ /home/emilio/.rbenv/versions/2.6.5/bin/rake:23
  [1m[35m (0.1ms)[0m  [1m[36mcommit transaction[0m
  ↳ /home/emilio/.rbenv/versions/2.6.5/bin/rake:23
  [1m[35m (0.2ms)[0m  [1m[34mSELECT "schema_migrations"."version" FROM "schema_migrations" ORDER BY "schema_migrations"."version" ASC[0m
  ↳ /home/emilio/.rbenv/versions/2.6.5/bin/rake:23
  [1m[36mUser Load (0.9ms)[0m  [1m[34mSELECT  "users".* FROM "users" LIMIT ?[0m  [["LIMIT", 11]]
  [1m[36mUser Load (0.3ms)[0m  [1m[34mSELECT  "users".* FROM "users" ORDER BY "users"."id" ASC LIMIT ?[0m  [["LIMIT", 1]]
  [1m[36mPost Load (0.3ms)[0m  [1m[34mSELECT  "posts".* FROM "posts" WHERE "posts"."user_id" = ? LIMIT ?[0m  [["user_id", 1], ["LIMIT", 11]]
  [1m[36mUser Load (0.4ms)[0m  [1m[34mSELECT  "users".* FROM "users" ORDER BY "users"."id" ASC LIMIT ?[0m  [["LIMIT", 1]]
  [1m[36mUser Load (0.2ms)[0m  [1m[34mSELECT  "users".* FROM "users" ORDER BY "users"."id" ASC LIMIT ?[0m  [["LIMIT", 1]]
  [1m[36mPost Load (0.3ms)[0m  [1m[34mSELECT  "posts".* FROM "posts" WHERE "posts"."user_id" = ? LIMIT ?[0m  [["user_id", 1], ["LIMIT", 11]]
  [1m[36mUser Load (0.2ms)[0m  [1m[34mSELECT  "users".* FROM "users" ORDER BY "users"."id" ASC LIMIT ?[0m  [["LIMIT", 1]]
  [1m[35m (0.1ms)[0m  [1m[36mbegin transaction[0m
  [1m[36mUser Load (0.3ms)[0m  [1m[34mSELECT  "users".* FROM "users" WHERE "users"."id" = ? LIMIT ?[0m  [["id", 1], ["LIMIT", 1]]
  [1m[36mPost Create (2.3ms)[0m  [1m[32mINSERT INTO "posts" ("title", "body", "user_id", "created_at", "updated_at") VALUES (?, ?, ?, ?, ?)[0m  [["title", "Mi primer post"], ["body", "Este es mi primer post que se genera despues de asociar mi tabla"], ["user_id", 1], ["created_at", "2020-07-23 01:33:05.624768"], ["updated_at", "2020-07-23 01:33:05.624768"]]
  [1m[35m (8.1ms)[0m  [1m[36mcommit transaction[0m
  [1m[36mPost Load (0.3ms)[0m  [1m[34mSELECT  "posts".* FROM "posts" ORDER BY "posts"."id" ASC LIMIT ?[0m  [["LIMIT", 1]]
  [1m[36mUser Load (0.2ms)[0m  [1m[34mSELECT  "users".* FROM "users" WHERE "users"."id" = ? LIMIT ?[0m  [["id", 1], ["LIMIT", 1]]
  [1m[35m (0.2ms)[0m  [1m[34mSELECT "schema_migrations"."version" FROM "schema_migrations" ORDER BY "schema_migrations"."version" ASC[0m
  ↳ /home/emilio/.rbenv/versions/2.6.5/bin/rake:23
Migrating to CreateComments (20200723034117)
  [1m[35m (0.1ms)[0m  [1m[36mbegin transaction[0m
  ↳ /home/emilio/.rbenv/versions/2.6.5/bin/rake:23
  [1m[35m (0.1ms)[0m  [1m[34mSELECT sqlite_version(*)[0m
  ↳ db/migrate/20200723034117_create_comments.rb:3
  [1m[35m (0.5ms)[0m  [1m[35mCREATE TABLE "comments" ("id" integer PRIMARY KEY AUTOINCREMENT NOT NULL, "author" varchar, "body" text, "user_id" integer, "post_id" integer, "created_at" datetime NOT NULL, "updated_at" datetime NOT NULL)[0m
  ↳ db/migrate/20200723034117_create_comments.rb:3
  [1m[36mActiveRecord::SchemaMigration Create (0.3ms)[0m  [1m[32mINSERT INTO "schema_migrations" ("version") VALUES (?)[0m  [["version", "20200723034117"]]
  ↳ /home/emilio/.rbenv/versions/2.6.5/bin/rake:23
  [1m[35m (46.2ms)[0m  [1m[36mcommit transaction[0m
  ↳ /home/emilio/.rbenv/versions/2.6.5/bin/rake:23
  [1m[36mActiveRecord::InternalMetadata Load (0.2ms)[0m  [1m[34mSELECT  "ar_internal_metadata".* FROM "ar_internal_metadata" WHERE "ar_internal_metadata"."key" = ? LIMIT ?[0m  [["key", "environment"], ["LIMIT", 1]]
  ↳ /home/emilio/.rbenv/versions/2.6.5/bin/rake:23
  [1m[35m (0.2ms)[0m  [1m[36mbegin transaction[0m
  ↳ /home/emilio/.rbenv/versions/2.6.5/bin/rake:23
  [1m[35m (0.1ms)[0m  [1m[36mcommit transaction[0m
  ↳ /home/emilio/.rbenv/versions/2.6.5/bin/rake:23
  [1m[35m (0.2ms)[0m  [1m[34mSELECT "schema_migrations"."version" FROM "schema_migrations" ORDER BY "schema_migrations"."version" ASC[0m
  ↳ /home/emilio/.rbenv/versions/2.6.5/bin/rake:23
  [1m[35m (0.2ms)[0m  [1m[34mSELECT "schema_migrations"."version" FROM "schema_migrations" ORDER BY "schema_migrations"."version" ASC[0m
  ↳ /home/emilio/.rbenv/versions/2.6.5/bin/rake:23
Migrating to AddCommentToUser (20200723034339)
  [1m[35m (0.1ms)[0m  [1m[36mbegin transaction[0m
  ↳ /home/emilio/.rbenv/versions/2.6.5/bin/rake:23
  [1m[35m (1.7ms)[0m  [1m[35mALTER TABLE "users" ADD "comment_id" integer[0m
  ↳ db/migrate/20200723034339_add_comment_to_user.rb:3
  [1m[35m (0.1ms)[0m  [1m[34mSELECT sqlite_version(*)[0m
  ↳ db/migrate/20200723034339_add_comment_to_user.rb:3
  [1m[35m (0.2ms)[0m  [1m[35mCREATE  INDEX "index_users_on_comment_id" ON "users" ("comment_id")[0m
  ↳ db/migrate/20200723034339_add_comment_to_user.rb:3
  [1m[36mActiveRecord::SchemaMigration Create (0.3ms)[0m  [1m[32mINSERT INTO "schema_migrations" ("version") VALUES (?)[0m  [["version", "20200723034339"]]
  ↳ /home/emilio/.rbenv/versions/2.6.5/bin/rake:23
  [1m[35m (21.4ms)[0m  [1m[36mcommit transaction[0m
  ↳ /home/emilio/.rbenv/versions/2.6.5/bin/rake:23
Migrating to AddCommentToPost (20200723034419)
  [1m[35m (0.1ms)[0m  [1m[36mbegin transaction[0m
  ↳ /home/emilio/.rbenv/versions/2.6.5/bin/rake:23
  [1m[35m (1.1ms)[0m  [1m[35mALTER TABLE "posts" ADD "comment_id" integer[0m
  ↳ db/migrate/20200723034419_add_comment_to_post.rb:3
  [1m[35m (0.2ms)[0m  [1m[35mCREATE  INDEX "index_posts_on_comment_id" ON "posts" ("comment_id")[0m
  ↳ db/migrate/20200723034419_add_comment_to_post.rb:3
  [1m[36mActiveRecord::SchemaMigration Create (0.2ms)[0m  [1m[32mINSERT INTO "schema_migrations" ("version") VALUES (?)[0m  [["version", "20200723034419"]]
  ↳ /home/emilio/.rbenv/versions/2.6.5/bin/rake:23
  [1m[35m (8.0ms)[0m  [1m[36mcommit transaction[0m
  ↳ /home/emilio/.rbenv/versions/2.6.5/bin/rake:23
  [1m[36mActiveRecord::InternalMetadata Load (0.5ms)[0m  [1m[34mSELECT  "ar_internal_metadata".* FROM "ar_internal_metadata" WHERE "ar_internal_metadata"."key" = ? LIMIT ?[0m  [["key", "environment"], ["LIMIT", 1]]
  ↳ /home/emilio/.rbenv/versions/2.6.5/bin/rake:23
  [1m[35m (0.1ms)[0m  [1m[36mbegin transaction[0m
  ↳ /home/emilio/.rbenv/versions/2.6.5/bin/rake:23
  [1m[35m (0.0ms)[0m  [1m[36mcommit transaction[0m
  ↳ /home/emilio/.rbenv/versions/2.6.5/bin/rake:23
  [1m[35m (0.2ms)[0m  [1m[34mSELECT "schema_migrations"."version" FROM "schema_migrations" ORDER BY "schema_migrations"."version" ASC[0m
  ↳ /home/emilio/.rbenv/versions/2.6.5/bin/rake:23
  [1m[36mUser Load (0.6ms)[0m  [1m[34mSELECT  "users".* FROM "users" LIMIT ?[0m  [["LIMIT", 11]]
  [1m[36mPost Load (0.2ms)[0m  [1m[34mSELECT  "posts".* FROM "posts" LIMIT ?[0m  [["LIMIT", 11]]
  [1m[36mComment Load (0.3ms)[0m  [1m[34mSELECT  "comments".* FROM "comments" LIMIT ?[0m  [["LIMIT", 11]]
  [1m[35m (0.1ms)[0m  [1m[36mbegin transaction[0m
  [1m[36mUser Exists (0.3ms)[0m  [1m[34mSELECT  1 AS one FROM "users" WHERE "users"."username" = ? LIMIT ?[0m  [["username", "Karina"], ["LIMIT", 1]]
  [1m[36mUser Exists (0.2ms)[0m  [1m[34mSELECT  1 AS one FROM "users" WHERE "users"."email" = ? LIMIT ?[0m  [["email", "dianirri@gmail.com"], ["LIMIT", 1]]
  [1m[36mUser Create (1.7ms)[0m  [1m[32mINSERT INTO "users" ("username", "email", "password", "created_at", "updated_at") VALUES (?, ?, ?, ?, ?)[0m  [["username", "Karina"], ["email", "dianirri@gmail.com"], ["password", "chatirringa"], ["created_at", "2020-07-23 04:06:17.311211"], ["updated_at", "2020-07-23 04:06:17.311211"]]
  [1m[35m (8.3ms)[0m  [1m[36mcommit transaction[0m
  [1m[36mUser Load (0.2ms)[0m  [1m[34mSELECT  "users".* FROM "users" LIMIT ?[0m  [["LIMIT", 11]]
  [1m[36mPost Load (0.2ms)[0m  [1m[34mSELECT  "posts".* FROM "posts" LIMIT ?[0m  [["LIMIT", 11]]
  [1m[36mUser Load (0.3ms)[0m  [1m[34mSELECT  "users".* FROM "users" WHERE "users"."id" = ? LIMIT ?[0m  [["id", 2], ["LIMIT", 1]]
  [1m[36mPost Load (0.3ms)[0m  [1m[34mSELECT  "posts".* FROM "posts" WHERE "posts"."id" = ? LIMIT ?[0m  [["id", 1], ["LIMIT", 1]]
  [1m[35m (0.1ms)[0m  [1m[36mbegin transaction[0m
  [1m[36mComment Create (1.5ms)[0m  [1m[32mINSERT INTO "comments" ("author", "body", "user_id", "post_id", "created_at", "updated_at") VALUES (?, ?, ?, ?, ?, ?)[0m  [["author", "Karina"], ["body", "Esta muy cool tu primer post, muchas gracias"], ["user_id", 2], ["post_id", 1], ["created_at", "2020-07-23 04:08:31.253794"], ["updated_at", "2020-07-23 04:08:31.253794"]]
  [1m[35m (9.6ms)[0m  [1m[36mcommit transaction[0m
  [1m[36mUser Load (0.2ms)[0m  [1m[34mSELECT  "users".* FROM "users" WHERE "users"."id" = ? LIMIT ?[0m  [["id", 2], ["LIMIT", 1]]
  [1m[36mUser Load (0.2ms)[0m  [1m[34mSELECT  "users".* FROM "users" LIMIT ?[0m  [["LIMIT", 11]]
